0 info it worked if it ends with ok
1 verbose cli [ 'c:\\Program Files\\nodejs\\node.exe',
1 verbose cli   'C:\\Users\\HP\\AppData\\Roaming\\npm\\node_modules\\npm\\bin\\npm-cli.js',
1 verbose cli   'start' ]
2 info using npm@3.10.8
3 info using node@v6.11.0
4 verbose run-script [ 'prestart', 'start', 'poststart' ]
5 info lifecycle meantodos@1.0.0~prestart: meantodos@1.0.0
6 silly lifecycle meantodos@1.0.0~prestart: no script for prestart, continuing
7 info lifecycle meantodos@1.0.0~start: meantodos@1.0.0
8 verbose lifecycle meantodos@1.0.0~start: unsafe-perm in lifecycle true
9 verbose lifecycle meantodos@1.0.0~start: PATH: C:\Users\HP\AppData\Roaming\npm\node_modules\npm\bin\node-gyp-bin;H:\Monjaie2\On\WebProjects\meantodos\node_modules\.bin;c:\Program Files\nodejs;c:\Users\HP\bin;.;C:\Program Files (x86)\Git\local\bin;C:\Program Files (x86)\Git\mingw\bin;C:\Program Files (x86)\Git\bin;c:\Program Files (x86)\AMD APP\bin\x86_64;c:\Program Files (x86)\AMD APP\bin\x86;c:\ProgramData\Oracle\Java\javapath;c:\Program Files\Intel\WiFi\bin\;c:\Program Files\Common Files\Intel\WirelessCommon\;c:\Program Files\Lenovo Fingerprint Reader\;c:\Program Files\Lenovo Fingerprint Reader\x86\;c:\Program Files (x86)\nodejs\;c:\Windows\System32\;c:\Users\HP\.dnx\bin;c:\Program Files\Microsoft DNX\Dnvm\;c:\Program Files (x86)\Windows Kits\8.1\Windows Performance Toolkit\;c:\Program Files\Microsoft SQL Server\120\Tools\Binn\;c:\WINDOWS\system32;c:\WINDOWS;c:\WINDOWS\System32\Wbem;c:\WINDOWS\System32\WindowsPowerShell\v1.0\;c:\Program Files (x86)\ATI Technologies\ATI.ACE\Core-Static;c:\Program Files\Java\jdk1.8.0_77\bin;c:\php;c:\Apache24;c:\Apache24\bin;c:\Program Files (x86)\Deployd\bin;c:\Program Files\Heroku\client\bin;c:\Program Files (x86)\Skype\Phone\;c:\Program Files\nodejs\;c:\Program Files (x86)\Brackets\command;c:\Ruby22\bin;c:\Program Files (x86)\nodejs\node_modules\.bin;c:\Program Files (x86)\AMD APP\bin\x86_64;c:\Program Files (x86)\AMD APP\bin\x86;c:\ProgramData\Oracle\Java\javapath;c:\Program Files\Intel\WiFi\bin\;c:\Program Files\Common Files\Intel\WirelessCommon\;c:\Program Files\Lenovo Fingerprint Reader\;c:\Program Files\Lenovo Fingerprint Reader\x86\;c:\Program Files\nodejs\;c:\Windows\System32\;c:\Users\HP\.dnx\bin;c:\Program Files\Microsoft DNX\Dnvm\;c:\Program Files (x86)\Windows Kits\8.1\Windows Performance Toolkit\;c:\Program Files\Microsoft SQL Server\120\Tools\Binn\;c:\WINDOWS\system32;c:\WINDOWS;c:\WINDOWS\System32\Wbem;c:\WINDOWS\System32\WindowsPowerShell\v1.0\;c:\Program Files (x86)\ATI Technologies\ATI.ACE\Core-Static;c:\Program Files (x86)\Skype\Phone\;c:\Program Files\Java\jdk1.8.0_77\bin;c:\php;c:\Apache24;c:\Apache24\bin;c:\Program Files (x86)\Deployd\bin;c:\Program Files (x86)\Brackets\command;c:\Program Files\Heroku\client\bin;c:\Program Files\MongoDB\Server\3.4\bin;c:\RubyDevKit\bin;c:\RubyDevKit\mingw\bin;c:\Users\HP\AppData\Roaming\npm;c:\Users\HP\AppData\Local\Microsoft\WindowsApps;.
10 verbose lifecycle meantodos@1.0.0~start: CWD: H:\Monjaie2\On\WebProjects\meantodos
11 silly lifecycle meantodos@1.0.0~start: Args: [ '/d /s /c', 'node ./bin/www' ]
12 silly lifecycle meantodos@1.0.0~start: Returned: code: 1  signal: null
13 info lifecycle meantodos@1.0.0~start: Failed to exec start script
14 verbose stack Error: meantodos@1.0.0 start: `node ./bin/www`
14 verbose stack Exit status 1
14 verbose stack     at EventEmitter.<anonymous> (C:\Users\HP\AppData\Roaming\npm\node_modules\npm\lib\utils\lifecycle.js:255:16)
14 verbose stack     at emitTwo (events.js:106:13)
14 verbose stack     at EventEmitter.emit (events.js:191:7)
14 verbose stack     at ChildProcess.<anonymous> (C:\Users\HP\AppData\Roaming\npm\node_modules\npm\lib\utils\spawn.js:40:14)
14 verbose stack     at emitTwo (events.js:106:13)
14 verbose stack     at ChildProcess.emit (events.js:191:7)
14 verbose stack     at maybeClose (internal/child_process.js:891:16)
14 verbose stack     at Process.ChildProcess._handle.onexit (internal/child_process.js:226:5)
15 verbose pkgid meantodos@1.0.0
16 verbose cwd H:\Monjaie2\On\WebProjects\meantodos
17 error Windows_NT 10.0.15063
18 error argv "c:\\Program Files\\nodejs\\node.exe" "C:\\Users\\HP\\AppData\\Roaming\\npm\\node_modules\\npm\\bin\\npm-cli.js" "start"
19 error node v6.11.0
20 error npm  v3.10.8
21 error code ELIFECYCLE
22 error meantodos@1.0.0 start: `node ./bin/www`
22 error Exit status 1
23 error Failed at the meantodos@1.0.0 start script 'node ./bin/www'.
23 error Make sure you have the latest version of node.js and npm installed.
23 error If you do, this is most likely a problem with the meantodos package,
23 error not with npm itself.
23 error Tell the author that this fails on your system:
23 error     node ./bin/www
23 error You can get information on how to open an issue for this project with:
23 error     npm bugs meantodos
23 error Or if that isn't available, you can get their info via:
23 error     npm owner ls meantodos
23 error There is likely additional logging output above.
24 verbose exit [ 1, true ]
